Excel Debug - Function called with onlyCard: True, cardType: pendingAcceptance
Excel Debug - Current working directory: C:\backend-python
Excel Debug - Debug file path: C:\backend-python\excel_debug.log
Excel Debug - Starting export with onlyCard: True (type: <class 'bool'>), cardType: pendingAcceptance (type: <class 'str'>)
Excel Debug - Function called with parameters: onlyCard=True, cardType=pendingAcceptance
Excel Debug - After conversion: onlyCard=True (type: <class 'bool'>), cardType=pendingAcceptance (type: <class 'str'>)
Excel Debug - About to fetch controls data from Node.js backend
Excel Debug - Making request to http://localhost:3002/api/grc/controls with params: {}
Excel Debug - Got response with status: 200
Excel Debug - Fetched controls data: ['total', 'pendingPreparer', 'pendingChecker', 'pendingReviewer', 'pendingAcceptance', 'unmapped', 'departmentDistribution', 'statusDistribution', 'statusOverview', 'controlsByFunction']
Excel Debug - Checking card data fetching: onlyCard=True, cardType=pendingAcceptance
Excel Debug - Condition check: onlyCard=True, cardType=pendingAcceptance, onlyCard and cardType=pendingAcceptance
Excel Debug - Entering card data fetching section
Excel Debug - Fetching card data for cardType: pendingAcceptance -> pending-acceptance
Excel Debug - Card API URL: http://localhost:3002/api/grc/controls/pending-acceptance
Excel Debug - Card API Response Status: 200
Excel Debug - Card data length: 5
Excel Debug - Added cardRows to controls_data: 5 rows
Excel Debug - First card row: {'control_code': 'C1854', 'control_name': '3.1 Incident Management 11111', 'id': '0249d24e-c0d7-4ebc-9dbe-d15d9da1a68e', 'name': '3.1 Incident Management 11111', 'code': 'C1854'}
Excel Debug - controls_data keys: ['total', 'pendingPreparer', 'pendingChecker', 'pendingReviewer', 'pendingAcceptance', 'unmapped', 'departmentDistribution', 'statusDistribution', 'statusOverview', 'controlsByFunction', 'cardRows']
Excel Debug - Before Excel generation: cardRows in controls_data = True
Excel Debug - cardRows length: 5
Excel Debug - Function called with onlyCard: True, cardType: pendingReviewer
Excel Debug - Current working directory: C:\backend-python
Excel Debug - Debug file path: C:\backend-python\excel_debug.log
Excel Debug - Starting export with onlyCard: True (type: <class 'bool'>), cardType: pendingReviewer (type: <class 'str'>)
Excel Debug - Function called with parameters: onlyCard=True, cardType=pendingReviewer
Excel Debug - After conversion: onlyCard=True (type: <class 'bool'>), cardType=pendingReviewer (type: <class 'str'>)
Excel Debug - About to fetch controls data from Node.js backend
Excel Debug - Making request to http://localhost:3002/api/grc/controls with params: {}
Excel Debug - Got response with status: 200
Excel Debug - Fetched controls data: ['total', 'pendingPreparer', 'pendingChecker', 'pendingReviewer', 'pendingAcceptance', 'unmapped', 'departmentDistribution', 'statusDistribution', 'statusOverview', 'controlsByFunction']
Excel Debug - Checking card data fetching: onlyCard=True, cardType=pendingReviewer
Excel Debug - Condition check: onlyCard=True, cardType=pendingReviewer, onlyCard and cardType=pendingReviewer
Excel Debug - Entering card data fetching section
Excel Debug - Fetching card data for cardType: pendingReviewer -> pending-reviewer
Excel Debug - Card API URL: http://localhost:3002/api/grc/controls/pending-reviewer
Excel Debug - Card API Response Status: 200
Excel Debug - Card data length: 31
Excel Debug - Added cardRows to controls_data: 31 rows
Excel Debug - First card row: {'control_code': 'C1854', 'control_name': '3.1 Incident Management 11111', 'id': '0249d24e-c0d7-4ebc-9dbe-d15d9da1a68e', 'name': '3.1 Incident Management 11111', 'code': 'C1854'}
Excel Debug - controls_data keys: ['total', 'pendingPreparer', 'pendingChecker', 'pendingReviewer', 'pendingAcceptance', 'unmapped', 'departmentDistribution', 'statusDistribution', 'statusOverview', 'controlsByFunction', 'cardRows']
Excel Debug - Before Excel generation: cardRows in controls_data = True
Excel Debug - cardRows length: 31
Excel Debug - Function called with onlyCard: True, cardType: pendingReviewer
Excel Debug - Current working directory: C:\backend-python
Excel Debug - Debug file path: C:\backend-python\excel_debug.log
Excel Debug - Starting export with onlyCard: True (type: <class 'bool'>), cardType: pendingReviewer (type: <class 'str'>)
Excel Debug - Function called with parameters: onlyCard=True, cardType=pendingReviewer
Excel Debug - After conversion: onlyCard=True (type: <class 'bool'>), cardType=pendingReviewer (type: <class 'str'>)
Excel Debug - About to fetch controls data from Node.js backend
Excel Debug - Making request to http://localhost:3002/api/grc/controls with params: {}
Excel Debug - Got response with status: 200
Excel Debug - Fetched controls data: ['total', 'pendingPreparer', 'pendingChecker', 'pendingReviewer', 'pendingAcceptance', 'unmapped', 'departmentDistribution', 'statusDistribution', 'statusOverview', 'controlsByFunction']
Excel Debug - Checking card data fetching: onlyCard=True, cardType=pendingReviewer
Excel Debug - Condition check: onlyCard=True, cardType=pendingReviewer, onlyCard and cardType=pendingReviewer
Excel Debug - Entering card data fetching section
Excel Debug - Fetching card data for cardType: pendingReviewer -> pending-reviewer
Excel Debug - Card API URL: http://localhost:3002/api/grc/controls/pending-reviewer
Excel Debug - Card API Response Status: 200
Excel Debug - Card data length: 31
Excel Debug - Added cardRows to controls_data: 31 rows
Excel Debug - First card row: {'control_code': 'C1854', 'control_name': '3.1 Incident Management 11111', 'id': '0249d24e-c0d7-4ebc-9dbe-d15d9da1a68e', 'name': '3.1 Incident Management 11111', 'code': 'C1854'}
Excel Debug - controls_data keys: ['total', 'pendingPreparer', 'pendingChecker', 'pendingReviewer', 'pendingAcceptance', 'unmapped', 'departmentDistribution', 'statusDistribution', 'statusOverview', 'controlsByFunction', 'cardRows']
Excel Debug - Before Excel generation: cardRows in controls_data = True
Excel Debug - cardRows length: 31
Excel Debug - Function called with onlyCard: True, cardType: pendingChecker
Excel Debug - Current working directory: C:\backend-python
Excel Debug - Debug file path: C:\backend-python\excel_debug.log
Excel Debug - Starting export with onlyCard: True (type: <class 'bool'>), cardType: pendingChecker (type: <class 'str'>)
Excel Debug - Function called with parameters: onlyCard=True, cardType=pendingChecker
Excel Debug - After conversion: onlyCard=True (type: <class 'bool'>), cardType=pendingChecker (type: <class 'str'>)
Excel Debug - About to fetch controls data from Node.js backend
Excel Debug - Making request to http://localhost:3002/api/grc/controls with params: {}
Excel Debug - Got response with status: 200
Excel Debug - Fetched controls data: ['total', 'pendingPreparer', 'pendingChecker', 'pendingReviewer', 'pendingAcceptance', 'unmapped', 'departmentDistribution', 'statusDistribution', 'statusOverview', 'controlsByFunction']
Excel Debug - Checking card data fetching: onlyCard=True, cardType=pendingChecker
Excel Debug - Condition check: onlyCard=True, cardType=pendingChecker, onlyCard and cardType=pendingChecker
Excel Debug - Entering card data fetching section
Excel Debug - Fetching card data for cardType: pendingChecker -> pending-checker
Excel Debug - Card API URL: http://localhost:3002/api/grc/controls/pending-checker
Excel Debug - Card API Response Status: 200
Excel Debug - Card data length: 12
Excel Debug - Added cardRows to controls_data: 12 rows
Excel Debug - First card row: {'control_code': 'C1854', 'control_name': '3.1 Incident Management 11111', 'id': '0249d24e-c0d7-4ebc-9dbe-d15d9da1a68e', 'name': '3.1 Incident Management 11111', 'code': 'C1854'}
Excel Debug - controls_data keys: ['total', 'pendingPreparer', 'pendingChecker', 'pendingReviewer', 'pendingAcceptance', 'unmapped', 'departmentDistribution', 'statusDistribution', 'statusOverview', 'controlsByFunction', 'cardRows']
Excel Debug - Before Excel generation: cardRows in controls_data = True
Excel Debug - cardRows length: 12
Excel Debug - Function called with onlyCard: False, cardType: None
Excel Debug - Current working directory: C:\backend-python
Excel Debug - Debug file path: C:\backend-python\excel_debug.log
Excel Debug - Starting export with onlyCard: False (type: <class 'bool'>), cardType: None (type: <class 'NoneType'>)
Excel Debug - Function called with parameters: onlyCard=False, cardType=None
Excel Debug - After conversion: onlyCard=False (type: <class 'bool'>), cardType=None (type: <class 'NoneType'>)
Excel Debug - About to fetch controls data from Node.js backend
Excel Debug - Making request to http://localhost:3002/api/grc/controls with params: {}
Excel Debug - Got response with status: 200
Excel Debug - Fetched controls data: ['total', 'pendingPreparer', 'pendingChecker', 'pendingReviewer', 'pendingAcceptance', 'unmapped', 'departmentDistribution', 'statusDistribution', 'statusOverview', 'controlsByFunction']
Excel Debug - Checking card data fetching: onlyCard=False, cardType=None
Excel Debug - Condition check: onlyCard=False, cardType=None, onlyCard and cardType=False
Excel Debug - Before Excel generation: cardRows in controls_data = False
Excel Debug - Function called with onlyCard: False, cardType: None
Excel Debug - Current working directory: C:\backend-python
Excel Debug - Debug file path: C:\backend-python\excel_debug.log
Excel Debug - Starting export with onlyCard: False (type: <class 'bool'>), cardType: None (type: <class 'NoneType'>)
Excel Debug - Function called with parameters: onlyCard=False, cardType=None
Excel Debug - After conversion: onlyCard=False (type: <class 'bool'>), cardType=None (type: <class 'NoneType'>)
Excel Debug - About to fetch controls data from Node.js backend
Excel Debug - Making request to http://localhost:3002/api/grc/controls with params: {}
Excel Debug - Got response with status: 200
Excel Debug - Fetched controls data: ['total', 'pendingPreparer', 'pendingChecker', 'pendingReviewer', 'pendingAcceptance', 'unmapped', 'departmentDistribution', 'statusDistribution', 'statusOverview', 'controlsByFunction']
Excel Debug - Checking card data fetching: onlyCard=False, cardType=None
Excel Debug - Condition check: onlyCard=False, cardType=None, onlyCard and cardType=False
Excel Debug - Before Excel generation: cardRows in controls_data = False
Excel Debug - Function called with onlyCard: True, cardType: totalControls
Excel Debug - Current working directory: C:\backend-python
Excel Debug - Debug file path: C:\backend-python\excel_debug.log
Excel Debug - Starting export with onlyCard: True (type: <class 'bool'>), cardType: totalControls (type: <class 'str'>)
Excel Debug - Function called with parameters: onlyCard=True, cardType=totalControls
Excel Debug - After conversion: onlyCard=True (type: <class 'bool'>), cardType=totalControls (type: <class 'str'>)
Excel Debug - About to fetch controls data from Node.js backend
Excel Debug - Making request to http://localhost:3002/api/grc/controls with params: {}
Excel Debug - Got response with status: 200
Excel Debug - Fetched controls data: ['total', 'pendingPreparer', 'pendingChecker', 'pendingReviewer', 'pendingAcceptance', 'unmapped', 'departmentDistribution', 'statusDistribution', 'statusOverview', 'controlsByFunction']
Excel Debug - Checking card data fetching: onlyCard=True, cardType=totalControls
Excel Debug - Condition check: onlyCard=True, cardType=totalControls, onlyCard and cardType=totalControls
Excel Debug - Entering card data fetching section
Excel Debug - Fetching card data for cardType: totalControls -> total
Excel Debug - Card API URL: http://localhost:3002/api/grc/controls/total
Excel Debug - Card API Response Status: 200
Excel Debug - Card data length: 1882
Excel Debug - Added cardRows to controls_data: 1882 rows
Excel Debug - First card row: {'control_code': 'C1854', 'control_name': '3.1 Incident Management 11111', 'id': '0249d24e-c0d7-4ebc-9dbe-d15d9da1a68e', 'name': '3.1 Incident Management 11111', 'code': 'C1854'}
Excel Debug - controls_data keys: ['total', 'pendingPreparer', 'pendingChecker', 'pendingReviewer', 'pendingAcceptance', 'unmapped', 'departmentDistribution', 'statusDistribution', 'statusOverview', 'controlsByFunction', 'cardRows']
Excel Debug - Before Excel generation: cardRows in controls_data = True
Excel Debug - cardRows length: 1882
Excel Debug - Function called with onlyCard: True, cardType: pendingAcceptance
Excel Debug - Current working directory: C:\backend-python
Excel Debug - Debug file path: C:\backend-python\excel_debug.log
Excel Debug - Starting export with onlyCard: True (type: <class 'bool'>), cardType: pendingAcceptance (type: <class 'str'>)
Excel Debug - Function called with parameters: onlyCard=True, cardType=pendingAcceptance
Excel Debug - After conversion: onlyCard=True (type: <class 'bool'>), cardType=pendingAcceptance (type: <class 'str'>)
Excel Debug - About to fetch controls data from Node.js backend
Excel Debug - Making request to http://localhost:3002/api/grc/controls with params: {}
Excel Debug - Got response with status: 200
Excel Debug - Fetched controls data: ['total', 'pendingPreparer', 'pendingChecker', 'pendingReviewer', 'pendingAcceptance', 'unmapped', 'departmentDistribution', 'statusDistribution', 'statusOverview', 'controlsByFunction']
Excel Debug - Checking card data fetching: onlyCard=True, cardType=pendingAcceptance
Excel Debug - Condition check: onlyCard=True, cardType=pendingAcceptance, onlyCard and cardType=pendingAcceptance
Excel Debug - Entering card data fetching section
Excel Debug - Fetching card data for cardType: pendingAcceptance -> pending-acceptance
Excel Debug - Card API URL: http://localhost:3002/api/grc/controls/pending-acceptance
Excel Debug - Card API Response Status: 200
Excel Debug - Card data length: 5
Excel Debug - Added cardRows to controls_data: 5 rows
Excel Debug - First card row: {'control_code': 'C1854', 'control_name': '3.1 Incident Management 11111', 'id': '0249d24e-c0d7-4ebc-9dbe-d15d9da1a68e', 'name': '3.1 Incident Management 11111', 'code': 'C1854'}
Excel Debug - controls_data keys: ['total', 'pendingPreparer', 'pendingChecker', 'pendingReviewer', 'pendingAcceptance', 'unmapped', 'departmentDistribution', 'statusDistribution', 'statusOverview', 'controlsByFunction', 'cardRows']
Excel Debug - Before Excel generation: cardRows in controls_data = True
Excel Debug - cardRows length: 5
Excel Debug - Function called with onlyCard: False, cardType: None
Excel Debug - Current working directory: C:\backend-python
Excel Debug - Debug file path: C:\backend-python\excel_debug.log
Excel Debug - Starting export with onlyCard: False (type: <class 'bool'>), cardType: None (type: <class 'NoneType'>)
Excel Debug - Function called with parameters: onlyCard=False, cardType=None
Excel Debug - After conversion: onlyCard=False (type: <class 'bool'>), cardType=None (type: <class 'NoneType'>)
Excel Debug - About to fetch controls data from Node.js backend
Excel Debug - Making request to http://localhost:3002/api/grc/controls with params: {}
Excel Debug - Got response with status: 200
Excel Debug - Fetched controls data: ['total', 'pendingPreparer', 'pendingChecker', 'pendingReviewer', 'pendingAcceptance', 'unmapped', 'departmentDistribution', 'statusDistribution', 'statusOverview', 'controlsByFunction']
Excel Debug - Checking card data fetching: onlyCard=False, cardType=None
Excel Debug - Condition check: onlyCard=False, cardType=None, onlyCard and cardType=False
Excel Debug - Before Excel generation: cardRows in controls_data = False
Excel Debug - Function called with onlyCard: False, cardType: None
Excel Debug - Current working directory: C:\backend-python
Excel Debug - Debug file path: C:\backend-python\excel_debug.log
Excel Debug - Starting export with onlyCard: False (type: <class 'bool'>), cardType: None (type: <class 'NoneType'>)
Excel Debug - Function called with parameters: onlyCard=False, cardType=None
Excel Debug - After conversion: onlyCard=False (type: <class 'bool'>), cardType=None (type: <class 'NoneType'>)
Excel Debug - About to fetch controls data from Node.js backend
Excel Debug - Making request to http://localhost:3002/api/grc/controls with params: {}
Excel Debug - Got response with status: 200
Excel Debug - Fetched controls data: ['total', 'pendingPreparer', 'pendingChecker', 'pendingReviewer', 'pendingAcceptance', 'unmapped', 'departmentDistribution', 'statusDistribution', 'statusOverview', 'controlsByFunction']
Excel Debug - Checking card data fetching: onlyCard=False, cardType=None
Excel Debug - Condition check: onlyCard=False, cardType=None, onlyCard and cardType=False
Excel Debug - Before Excel generation: cardRows in controls_data = False
Excel Debug - Function called with onlyCard: False, cardType: None
Excel Debug - Current working directory: C:\backend-python
Excel Debug - Debug file path: C:\backend-python\excel_debug.log
Excel Debug - Starting export with onlyCard: False (type: <class 'bool'>), cardType: None (type: <class 'NoneType'>)
Excel Debug - Function called with parameters: onlyCard=False, cardType=None
Excel Debug - After conversion: onlyCard=False (type: <class 'bool'>), cardType=None (type: <class 'NoneType'>)
Excel Debug - About to fetch controls data from Node.js backend
Excel Debug - Making request to http://localhost:3002/api/grc/controls with params: {}
Excel Debug - Got response with status: 200
Excel Debug - Fetched controls data: ['total', 'pendingPreparer', 'pendingChecker', 'pendingReviewer', 'pendingAcceptance', 'unmapped', 'departmentDistribution', 'statusDistribution', 'statusOverview', 'controlsByFunction']
Excel Debug - Checking card data fetching: onlyCard=False, cardType=None
Excel Debug - Condition check: onlyCard=False, cardType=None, onlyCard and cardType=False
Excel Debug - Before Excel generation: cardRows in controls_data = False
Excel Debug - Function called with onlyCard: True, cardType: pendingAcceptance
Excel Debug - Current working directory: C:\backend-python
Excel Debug - Debug file path: C:\backend-python\excel_debug.log
Excel Debug - Starting export with onlyCard: True (type: <class 'bool'>), cardType: pendingAcceptance (type: <class 'str'>)
Excel Debug - Function called with parameters: onlyCard=True, cardType=pendingAcceptance
Excel Debug - After conversion: onlyCard=True (type: <class 'bool'>), cardType=pendingAcceptance (type: <class 'str'>)
Excel Debug - About to fetch controls data from Node.js backend
Excel Debug - Making request to http://localhost:3002/api/grc/controls with params: {}
Excel Debug - Got response with status: 200
Excel Debug - Fetched controls data: ['total', 'pendingPreparer', 'pendingChecker', 'pendingReviewer', 'pendingAcceptance', 'unmapped', 'departmentDistribution', 'statusDistribution', 'statusOverview', 'controlsByFunction']
Excel Debug - Checking card data fetching: onlyCard=True, cardType=pendingAcceptance
Excel Debug - Condition check: onlyCard=True, cardType=pendingAcceptance, onlyCard and cardType=pendingAcceptance
Excel Debug - Entering card data fetching section
Excel Debug - Fetching card data for cardType: pendingAcceptance -> pending-acceptance
Excel Debug - Card API URL: http://localhost:3002/api/grc/controls/pending-acceptance
Excel Debug - Card API Response Status: 200
Excel Debug - Card data length: 5
Excel Debug - Added cardRows to controls_data: 5 rows
Excel Debug - First card row: {'control_code': 'C1854', 'control_name': '3.1 Incident Management 11111', 'id': '0249d24e-c0d7-4ebc-9dbe-d15d9da1a68e', 'name': '3.1 Incident Management 11111', 'code': 'C1854'}
Excel Debug - controls_data keys: ['total', 'pendingPreparer', 'pendingChecker', 'pendingReviewer', 'pendingAcceptance', 'unmapped', 'departmentDistribution', 'statusDistribution', 'statusOverview', 'controlsByFunction', 'cardRows']
Excel Debug - Before Excel generation: cardRows in controls_data = True
Excel Debug - cardRows length: 5
Excel Debug - Function called with onlyCard: False, cardType: None
Excel Debug - Current working directory: C:\backend-python
Excel Debug - Debug file path: C:\backend-python\excel_debug.log
Excel Debug - Starting export with onlyCard: False (type: <class 'bool'>), cardType: None (type: <class 'NoneType'>)
Excel Debug - Function called with parameters: onlyCard=False, cardType=None
Excel Debug - After conversion: onlyCard=False (type: <class 'bool'>), cardType=None (type: <class 'NoneType'>)
Excel Debug - About to fetch controls data from Node.js backend
Excel Debug - Making request to http://localhost:3002/api/grc/controls with params: {}
Excel Debug - Got response with status: 200
Excel Debug - Fetched controls data: ['total', 'pendingPreparer', 'pendingChecker', 'pendingReviewer', 'pendingAcceptance', 'unmapped', 'departmentDistribution', 'statusDistribution', 'statusOverview', 'controlsByFunction']
Excel Debug - Checking card data fetching: onlyCard=False, cardType=None
Excel Debug - Condition check: onlyCard=False, cardType=None, onlyCard and cardType=False
Excel Debug - Before Excel generation: cardRows in controls_data = False
Excel Debug - Function called with onlyCard: True, cardType: totalControls
Excel Debug - Current working directory: C:\backend-python
Excel Debug - Debug file path: C:\backend-python\excel_debug.log
Excel Debug - Starting export with onlyCard: True (type: <class 'bool'>), cardType: totalControls (type: <class 'str'>)
Excel Debug - Function called with parameters: onlyCard=True, cardType=totalControls
Excel Debug - After conversion: onlyCard=True (type: <class 'bool'>), cardType=totalControls (type: <class 'str'>)
Excel Debug - About to fetch controls data from Node.js backend
Excel Debug - Making request to http://localhost:3002/api/grc/controls with params: {}
Excel Debug - Got response with status: 200
Excel Debug - Fetched controls data: ['total', 'pendingPreparer', 'pendingChecker', 'pendingReviewer', 'pendingAcceptance', 'unmapped', 'departmentDistribution', 'statusDistribution', 'statusOverview', 'controlsByFunction']
Excel Debug - Checking card data fetching: onlyCard=True, cardType=totalControls
Excel Debug - Condition check: onlyCard=True, cardType=totalControls, onlyCard and cardType=totalControls
Excel Debug - Entering card data fetching section
Excel Debug - Fetching card data for cardType: totalControls -> total
Excel Debug - Card API URL: http://localhost:3002/api/grc/controls/total
Excel Debug - Card API Response Status: 200
Excel Debug - Card data length: 1882
Excel Debug - Added cardRows to controls_data: 1882 rows
Excel Debug - First card row: {'control_code': 'C1854', 'control_name': '3.1 Incident Management 11111', 'id': '0249d24e-c0d7-4ebc-9dbe-d15d9da1a68e', 'name': '3.1 Incident Management 11111', 'code': 'C1854'}
Excel Debug - controls_data keys: ['total', 'pendingPreparer', 'pendingChecker', 'pendingReviewer', 'pendingAcceptance', 'unmapped', 'departmentDistribution', 'statusDistribution', 'statusOverview', 'controlsByFunction', 'cardRows']
Excel Debug - Before Excel generation: cardRows in controls_data = True
Excel Debug - cardRows length: 1882
Excel Debug - Function called with onlyCard: False, cardType: None
Excel Debug - Current working directory: C:\backend-python
Excel Debug - Debug file path: C:\backend-python\excel_debug.log
Excel Debug - Starting export with onlyCard: False (type: <class 'bool'>), cardType: None (type: <class 'NoneType'>)
Excel Debug - Function called with parameters: onlyCard=False, cardType=None
Excel Debug - After conversion: onlyCard=False (type: <class 'bool'>), cardType=None (type: <class 'NoneType'>)
Excel Debug - About to fetch controls data from Node.js backend
Excel Debug - Making request to http://localhost:3002/api/grc/controls with params: {}
Excel Debug - Got response with status: 200
Excel Debug - Fetched controls data: ['total', 'pendingPreparer', 'pendingChecker', 'pendingReviewer', 'pendingAcceptance', 'unmapped', 'departmentDistribution', 'statusDistribution', 'statusOverview', 'controlsByFunction']
Excel Debug - Checking card data fetching: onlyCard=False, cardType=None
Excel Debug - Condition check: onlyCard=False, cardType=None, onlyCard and cardType=False
Excel Debug - Before Excel generation: cardRows in controls_data = False
Excel Debug - Function called with onlyCard: False, cardType: None
Excel Debug - Current working directory: C:\backend-python
Excel Debug - Debug file path: C:\backend-python\excel_debug.log
Excel Debug - Starting export with onlyCard: False (type: <class 'bool'>), cardType: None (type: <class 'NoneType'>)
Excel Debug - Function called with parameters: onlyCard=False, cardType=None
Excel Debug - After conversion: onlyCard=False (type: <class 'bool'>), cardType=None (type: <class 'NoneType'>)
Excel Debug - About to fetch controls data from Node.js backend
Excel Debug - Making request to http://localhost:3002/api/grc/controls with params: {}
Excel Debug - Got response with status: 200
Excel Debug - Fetched controls data: ['total', 'pendingPreparer', 'pendingChecker', 'pendingReviewer', 'pendingAcceptance', 'unmapped', 'departmentDistribution', 'statusDistribution', 'statusOverview', 'controlsByFunction']
Excel Debug - Checking card data fetching: onlyCard=False, cardType=None
Excel Debug - Condition check: onlyCard=False, cardType=None, onlyCard and cardType=False
Excel Debug - Before Excel generation: cardRows in controls_data = False
Excel Debug - Function called with onlyCard: True, cardType: totalControls
Excel Debug - Current working directory: C:\backend-python
Excel Debug - Debug file path: C:\backend-python\excel_debug.log
Excel Debug - Starting export with onlyCard: True (type: <class 'bool'>), cardType: totalControls (type: <class 'str'>)
Excel Debug - Function called with parameters: onlyCard=True, cardType=totalControls
Excel Debug - After conversion: onlyCard=True (type: <class 'bool'>), cardType=totalControls (type: <class 'str'>)
Excel Debug - About to fetch controls data from Node.js backend
Excel Debug - Making request to http://localhost:3002/api/grc/controls with params: {}
Excel Debug - Got response with status: 200
Excel Debug - Fetched controls data: ['total', 'pendingPreparer', 'pendingChecker', 'pendingReviewer', 'pendingAcceptance', 'unmapped', 'departmentDistribution', 'statusDistribution', 'statusOverview', 'controlsByFunction']
Excel Debug - Checking card data fetching: onlyCard=True, cardType=totalControls
Excel Debug - Condition check: onlyCard=True, cardType=totalControls, onlyCard and cardType=totalControls
Excel Debug - Entering card data fetching section
Excel Debug - Fetching card data for cardType: totalControls -> total
Excel Debug - Card API URL: http://localhost:3002/api/grc/controls/total
Excel Debug - Card API Response Status: 200
Excel Debug - Card data length: 1882
Excel Debug - Added cardRows to controls_data: 1882 rows
Excel Debug - First card row: {'control_code': 'C1854', 'control_name': '3.1 Incident Management 11111', 'id': '0249d24e-c0d7-4ebc-9dbe-d15d9da1a68e', 'name': '3.1 Incident Management 11111', 'code': 'C1854'}
Excel Debug - controls_data keys: ['total', 'pendingPreparer', 'pendingChecker', 'pendingReviewer', 'pendingAcceptance', 'unmapped', 'departmentDistribution', 'statusDistribution', 'statusOverview', 'controlsByFunction', 'cardRows']
Excel Debug - Before Excel generation: cardRows in controls_data = True
Excel Debug - cardRows length: 1882
Excel Debug - Function called with onlyCard: False, cardType: None
Excel Debug - Current working directory: C:\backend-python
Excel Debug - Debug file path: C:\backend-python\excel_debug.log
Excel Debug - Starting export with onlyCard: False (type: <class 'bool'>), cardType: None (type: <class 'NoneType'>)
Excel Debug - Function called with parameters: onlyCard=False, cardType=None
Excel Debug - After conversion: onlyCard=False (type: <class 'bool'>), cardType=None (type: <class 'NoneType'>)
Excel Debug - About to fetch controls data from Node.js backend
Excel Debug - Making request to http://localhost:3002/api/grc/controls with params: {}
Excel Debug - Got response with status: 200
Excel Debug - Fetched controls data: ['total', 'pendingPreparer', 'pendingChecker', 'pendingReviewer', 'pendingAcceptance', 'unmapped', 'departmentDistribution', 'statusDistribution', 'statusOverview', 'controlsByFunction']
Excel Debug - Checking card data fetching: onlyCard=False, cardType=None
Excel Debug - Condition check: onlyCard=False, cardType=None, onlyCard and cardType=False
Excel Debug - Before Excel generation: cardRows in controls_data = False
Excel Debug - Function called with onlyCard: False, cardType: None
Excel Debug - Current working directory: C:\backend-python
Excel Debug - Debug file path: C:\backend-python\excel_debug.log
Excel Debug - Starting export with onlyCard: False (type: <class 'bool'>), cardType: None (type: <class 'NoneType'>)
Excel Debug - Function called with parameters: onlyCard=False, cardType=None
Excel Debug - After conversion: onlyCard=False (type: <class 'bool'>), cardType=None (type: <class 'NoneType'>)
Excel Debug - About to fetch controls data from Node.js backend
Excel Debug - Making request to http://localhost:3002/api/grc/controls with params: {}
Excel Debug - Got response with status: 200
Excel Debug - Fetched controls data: ['total', 'pendingPreparer', 'pendingChecker', 'pendingReviewer', 'pendingAcceptance', 'unmapped', 'departmentDistribution', 'statusDistribution', 'statusOverview', 'controlsByFunction']
Excel Debug - Checking card data fetching: onlyCard=False, cardType=None
Excel Debug - Condition check: onlyCard=False, cardType=None, onlyCard and cardType=False
Excel Debug - Before Excel generation: cardRows in controls_data = False
Excel Debug - Function called with onlyCard: False, cardType: None
Excel Debug - Current working directory: C:\backend-python
Excel Debug - Debug file path: C:\backend-python\excel_debug.log
Excel Debug - Starting export with onlyCard: False (type: <class 'bool'>), cardType: None (type: <class 'NoneType'>)
Excel Debug - Function called with parameters: onlyCard=False, cardType=None
Excel Debug - After conversion: onlyCard=False (type: <class 'bool'>), cardType=None (type: <class 'NoneType'>)
Excel Debug - About to fetch controls data from Node.js backend
Excel Debug - Making request to http://localhost:3002/api/grc/controls with params: {}
Excel Debug - Got response with status: 200
Excel Debug - Fetched controls data: ['total', 'pendingPreparer', 'pendingChecker', 'pendingReviewer', 'pendingAcceptance', 'unmapped', 'departmentDistribution', 'statusDistribution', 'statusOverview', 'controlsByFunction']
Excel Debug - Checking card data fetching: onlyCard=False, cardType=None
Excel Debug - Condition check: onlyCard=False, cardType=None, onlyCard and cardType=False
Excel Debug - Before Excel generation: cardRows in controls_data = False
Excel Debug - Function called with onlyCard: False, cardType: None
Excel Debug - Current working directory: C:\backend-python
Excel Debug - Debug file path: C:\backend-python\excel_debug.log
Excel Debug - Starting export with onlyCard: False (type: <class 'bool'>), cardType: None (type: <class 'NoneType'>)
Excel Debug - Function called with parameters: onlyCard=False, cardType=None
Excel Debug - After conversion: onlyCard=False (type: <class 'bool'>), cardType=None (type: <class 'NoneType'>)
Excel Debug - About to fetch controls data from Node.js backend
Excel Debug - Making request to http://localhost:3002/api/grc/controls with params: {}
Excel Debug - Got response with status: 200
Excel Debug - Fetched controls data: ['total', 'pendingPreparer', 'pendingChecker', 'pendingReviewer', 'pendingAcceptance', 'unmapped', 'departmentDistribution', 'statusDistribution', 'statusOverview', 'controlsByFunction']
Excel Debug - Checking card data fetching: onlyCard=False, cardType=None
Excel Debug - Condition check: onlyCard=False, cardType=None, onlyCard and cardType=False
Excel Debug - Before Excel generation: cardRows in controls_data = False
Excel Debug - Function called with onlyCard: False, cardType: None
Excel Debug - Current working directory: C:\backend-python
Excel Debug - Debug file path: C:\backend-python\excel_debug.log
Excel Debug - Starting export with onlyCard: False (type: <class 'bool'>), cardType: None (type: <class 'NoneType'>)
Excel Debug - Function called with parameters: onlyCard=False, cardType=None
Excel Debug - After conversion: onlyCard=False (type: <class 'bool'>), cardType=None (type: <class 'NoneType'>)
Excel Debug - About to fetch controls data from Node.js backend
Excel Debug - Making request to http://localhost:3002/api/grc/controls with params: {}
Excel Debug - Got response with status: 200
Excel Debug - Fetched controls data: ['total', 'pendingPreparer', 'pendingChecker', 'pendingReviewer', 'pendingAcceptance', 'unmapped', 'departmentDistribution', 'statusDistribution', 'statusOverview', 'controlsByFunction']
Excel Debug - Checking card data fetching: onlyCard=False, cardType=None
Excel Debug - Condition check: onlyCard=False, cardType=None, onlyCard and cardType=False
Excel Debug - Before Excel generation: cardRows in controls_data = False
Excel Debug - Function called with onlyCard: False, cardType: None
Excel Debug - Current working directory: C:\backend-python
Excel Debug - Debug file path: C:\backend-python\excel_debug.log
Excel Debug - Starting export with onlyCard: False (type: <class 'bool'>), cardType: None (type: <class 'NoneType'>)
Excel Debug - Function called with parameters: onlyCard=False, cardType=None
Excel Debug - After conversion: onlyCard=False (type: <class 'bool'>), cardType=None (type: <class 'NoneType'>)
Excel Debug - About to fetch controls data from Node.js backend
Excel Debug - Making request to http://localhost:3002/api/grc/controls with params: {}
Excel Debug - Got response with status: 200
Excel Debug - Fetched controls data: ['total', 'pendingPreparer', 'pendingChecker', 'pendingReviewer', 'pendingAcceptance', 'unmapped', 'departmentDistribution', 'statusDistribution', 'statusOverview', 'controlsByFunction']
Excel Debug - Checking card data fetching: onlyCard=False, cardType=None
Excel Debug - Condition check: onlyCard=False, cardType=None, onlyCard and cardType=False
Excel Debug - Before Excel generation: cardRows in controls_data = False
